<?xml version="1.0" encoding="UTF-8"?>
<testsuite xmlns:xsi="http://www.w3.org/2001/XMLSchema-instance" xsi:noNamespaceSchemaLocation="https://maven.apache.org/surefire/maven-surefire-plugin/xsd/surefire-test-report.xsd" name="ino.AppTest" time="0.103" tests="1" errors="0" skipped="0" failures="0">
  <properties>
    <property name="sun.desktop" value="windows"/>
    <property name="awt.toolkit" value="sun.awt.windows.WToolkit"/>
    <property name="java.specification.version" value="12"/>
    <property name="sun.cpu.isalist" value="amd64"/>
    <property name="sun.jnu.encoding" value="MS874"/>
    <property name="java.class.path" value="c:\Users\tar_a\Desktop\keycloak-spi\ino\target\test-classes;c:\Users\tar_a\Desktop\keycloak-spi\ino\target\classes;C:\Users\tar_a\.m2\repository\junit\junit\4.11\junit-4.11.jar;C:\Users\tar_a\.m2\repository\org\hamcrest\hamcrest-core\1.3\hamcrest-core-1.3.jar;C:\Users\tar_a\.m2\repository\org\keycloak\keycloak-core\6.0.1\keycloak-core-6.0.1.jar;C:\Users\tar_a\.m2\repository\org\keycloak\keycloak-common\6.0.1\keycloak-common-6.0.1.jar;C:\Users\tar_a\.m2\repository\org\bouncycastle\bcprov-jdk15on\1.60\bcprov-jdk15on-1.60.jar;C:\Users\tar_a\.m2\repository\org\bouncycastle\bcpkix-jdk15on\1.60\bcpkix-jdk15on-1.60.jar;C:\Users\tar_a\.m2\repository\com\fasterxml\jackson\core\jackson-core\2.9.8\jackson-core-2.9.8.jar;C:\Users\tar_a\.m2\repository\com\fasterxml\jackson\core\jackson-databind\2.9.8\jackson-databind-2.9.8.jar;C:\Users\tar_a\.m2\repository\com\fasterxml\jackson\core\jackson-annotations\2.9.0\jackson-annotations-2.9.0.jar;C:\Users\tar_a\.m2\repository\org\keycloak\keycloak-authz-client\6.0.1\keycloak-authz-client-6.0.1.jar;C:\Users\tar_a\.m2\repository\org\jboss\logging\jboss-logging\3.3.2.Final\jboss-logging-3.3.2.Final.jar;C:\Users\tar_a\.m2\repository\org\apache\httpcomponents\httpclient\4.5.4\httpclient-4.5.4.jar;C:\Users\tar_a\.m2\repository\org\apache\httpcomponents\httpcore\4.4.7\httpcore-4.4.7.jar;C:\Users\tar_a\.m2\repository\commons-logging\commons-logging\1.2\commons-logging-1.2.jar;C:\Users\tar_a\.m2\repository\commons-codec\commons-codec\1.10\commons-codec-1.10.jar;C:\Users\tar_a\.m2\repository\org\keycloak\keycloak-authz-policy-drools\6.0.1\keycloak-authz-policy-drools-6.0.1.jar;C:\Users\tar_a\.m2\repository\org\keycloak\keycloak-authz-policy-common\6.0.1\keycloak-authz-policy-common-6.0.1.jar;C:\Users\tar_a\.m2\repository\org\keycloak\keycloak-server-spi\6.0.1\keycloak-server-spi-6.0.1.jar;C:\Users\tar_a\.m2\repository\org\keycloak\keycloak-server-spi-private\6.0.1\keycloak-server-spi-private-6.0.1.jar;"/>
    <property name="java.vm.vendor" value="Oracle Corporation"/>
    <property name="sun.arch.data.model" value="64"/>
    <property name="user.variant" value=""/>
    <property name="java.vendor.url" value="https://java.oracle.com/"/>
    <property name="user.timezone" value="Asia/Bangkok"/>
    <property name="os.name" value="Windows 10"/>
    <property name="java.vm.specification.version" value="12"/>
    <property name="sun.java.launcher" value="SUN_STANDARD"/>
    <property name="user.country" value="US"/>
    <property name="sun.boot.library.path" value="C:\Program Files\Java\jdk-12.0.1\bin"/>
    <property name="sun.java.command" value="C:\Users\tar_a\AppData\Local\Temp\surefire11295082634888308692\surefirebooter1194734900914414586.jar C:\Users\tar_a\AppData\Local\Temp\surefire11295082634888308692 2019-06-21T10-19-08_343-jvmRun1 surefire4246470260587485514tmp surefire_016240705441043201480tmp"/>
    <property name="jdk.debug" value="release"/>
    <property name="surefire.test.class.path" value="c:\Users\tar_a\Desktop\keycloak-spi\ino\target\test-classes;c:\Users\tar_a\Desktop\keycloak-spi\ino\target\classes;C:\Users\tar_a\.m2\repository\junit\junit\4.11\junit-4.11.jar;C:\Users\tar_a\.m2\repository\org\hamcrest\hamcrest-core\1.3\hamcrest-core-1.3.jar;C:\Users\tar_a\.m2\repository\org\keycloak\keycloak-core\6.0.1\keycloak-core-6.0.1.jar;C:\Users\tar_a\.m2\repository\org\keycloak\keycloak-common\6.0.1\keycloak-common-6.0.1.jar;C:\Users\tar_a\.m2\repository\org\bouncycastle\bcprov-jdk15on\1.60\bcprov-jdk15on-1.60.jar;C:\Users\tar_a\.m2\repository\org\bouncycastle\bcpkix-jdk15on\1.60\bcpkix-jdk15on-1.60.jar;C:\Users\tar_a\.m2\repository\com\fasterxml\jackson\core\jackson-core\2.9.8\jackson-core-2.9.8.jar;C:\Users\tar_a\.m2\repository\com\fasterxml\jackson\core\jackson-databind\2.9.8\jackson-databind-2.9.8.jar;C:\Users\tar_a\.m2\repository\com\fasterxml\jackson\core\jackson-annotations\2.9.0\jackson-annotations-2.9.0.jar;C:\Users\tar_a\.m2\repository\org\keycloak\keycloak-authz-client\6.0.1\keycloak-authz-client-6.0.1.jar;C:\Users\tar_a\.m2\repository\org\jboss\logging\jboss-logging\3.3.2.Final\jboss-logging-3.3.2.Final.jar;C:\Users\tar_a\.m2\repository\org\apache\httpcomponents\httpclient\4.5.4\httpclient-4.5.4.jar;C:\Users\tar_a\.m2\repository\org\apache\httpcomponents\httpcore\4.4.7\httpcore-4.4.7.jar;C:\Users\tar_a\.m2\repository\commons-logging\commons-logging\1.2\commons-logging-1.2.jar;C:\Users\tar_a\.m2\repository\commons-codec\commons-codec\1.10\commons-codec-1.10.jar;C:\Users\tar_a\.m2\repository\org\keycloak\keycloak-authz-policy-drools\6.0.1\keycloak-authz-policy-drools-6.0.1.jar;C:\Users\tar_a\.m2\repository\org\keycloak\keycloak-authz-policy-common\6.0.1\keycloak-authz-policy-common-6.0.1.jar;C:\Users\tar_a\.m2\repository\org\keycloak\keycloak-server-spi\6.0.1\keycloak-server-spi-6.0.1.jar;C:\Users\tar_a\.m2\repository\org\keycloak\keycloak-server-spi-private\6.0.1\keycloak-server-spi-private-6.0.1.jar;"/>
    <property name="sun.cpu.endian" value="little"/>
    <property name="user.home" value="C:\Users\tar_a"/>
    <property name="user.language" value="en"/>
    <property name="java.specification.vendor" value="Oracle Corporation"/>
    <property name="java.version.date" value="2019-04-16"/>
    <property name="java.home" value="C:\Program Files\Java\jdk-12.0.1"/>
    <property name="file.separator" value="\"/>
    <property name="basedir" value="c:\Users\tar_a\Desktop\keycloak-spi\ino"/>
    <property name="java.vm.compressedOopsMode" value="32-bit"/>
    <property name="line.separator" value="&#10;"/>
    <property name="java.vm.specification.vendor" value="Oracle Corporation"/>
    <property name="java.specification.name" value="Java Platform API Specification"/>
    <property name="java.awt.graphicsenv" value="sun.awt.Win32GraphicsEnvironment"/>
    <property name="surefire.real.class.path" value="C:\Users\tar_a\AppData\Local\Temp\surefire11295082634888308692\surefirebooter1194734900914414586.jar"/>
    <property name="user.script" value=""/>
    <property name="sun.management.compiler" value="HotSpot 64-Bit Tiered Compilers"/>
    <property name="java.runtime.version" value="12.0.1+12"/>
    <property name="user.name" value="tar_a"/>
    <property name="path.separator" value=";"/>
    <property name="os.version" value="10.0"/>
    <property name="java.runtime.name" value="Java(TM) SE Runtime Environment"/>
    <property name="file.encoding" value="Cp1252"/>
    <property name="java.vm.name" value="Java HotSpot(TM) 64-Bit Server VM"/>
    <property name="localRepository" value="C:\Users\tar_a\.m2\repository"/>
    <property name="java.vendor.url.bug" value="https://bugreport.java.com/bugreport/"/>
    <property name="java.io.tmpdir" value="C:\Users\tar_a\AppData\Local\Temp\"/>
    <property name="java.version" value="12.0.1"/>
    <property name="user.dir" value="c:\Users\tar_a\Desktop\keycloak-spi\ino"/>
    <property name="os.arch" value="amd64"/>
    <property name="java.vm.specification.name" value="Java Virtual Machine Specification"/>
    <property name="sun.os.patch.level" value=""/>
    <property name="java.library.path" value="C:\Program Files\Java\jdk-12.0.1\bin;C:\WINDOWS\Sun\Java\bin;C:\WINDOWS\system32;C:\WINDOWS;C:\Windows\system32;C:\Windows;C:\Windows\System32\Wbem;C:\Windows\System32\WindowsPowerShell\v1.0\;C:\Program Files (x86)\NVIDIA Corporation\PhysX\Common;C:\Program Files\Microsoft SQL Server\130\Tools\Binn\;C:\Program Files\dotnet\;C:\WINDOWS\system32;C:\WINDOWS;C:\WINDOWS\System32\Wbem;C:\WINDOWS\System32\WindowsPowerShell\v1.0\;C:\WINDOWS\System32\OpenSSH\;C:\Program Files\Git\cmd;C:\Program Files\PuTTY\;C:\Program Files\NVIDIA Corporation\NVIDIA NvDLISR;C:\Program Files\Microsoft VS Code\bin;C:\Program Files\nodejs\;C:\Users\tar_a\AppData\Local\Programs\Python\Python37\Scripts\;C:\Users\tar_a\AppData\Local\Programs\Python\Python37\;C:\Users\tar_a\AppData\Local\Microsoft\WindowsApps;C:\Program Files\Microsoft VS Code\bin;C:\Users\tar_a\AppData\Local\Programs\Python\Python36\Scripts;C:\Program Files\Amazon\AWSCLI;C:\Program Files\Python36\Scripts;C:\Users\tar_a\AppData\Local\Programs\Python\Python37-32;C:\Users\tar_a\AppData\Roaming\npm;C:\Program Files\Docker Toolbox;C:\apache-maven-3.6.1\bin;C:\Program Files\Java\jdk-12.0.1\bin;;."/>
    <property name="java.vm.info" value="mixed mode, sharing"/>
    <property name="java.vendor" value="Oracle Corporation"/>
    <property name="java.vm.version" value="12.0.1+12"/>
    <property name="sun.io.unicode.encoding" value="UnicodeLittle"/>
    <property name="java.class.version" value="56.0"/>
  </properties>
  <testcase name="shouldAnswerWithTrue" classname="ino.AppTest" time="0.001"/>
</testsuite>