<?xml version="1.0" encoding="UTF-8"?>
<testsuite xmlns:xsi="http://www.w3.org/2001/XMLSchema-instance" xsi:noNamespaceSchemaLocation="https://maven.apache.org/surefire/maven-surefire-plugin/xsd/surefire-test-report.xsd" name="keycloak.ino_lab.AppTest" time="0.253" tests="1" errors="0" skipped="0" failures="0">
  <properties>
    <property name="sun.desktop" value="windows"/>
    <property name="awt.toolkit" value="sun.awt.windows.WToolkit"/>
    <property name="java.specification.version" value="11"/>
    <property name="sun.cpu.isalist" value="amd64"/>
    <property name="sun.jnu.encoding" value="Cp1252"/>
    <property name="java.class.path" value="c:\Users\Ice\Desktop\Vue.js\keycloak-vue\src\keycloak-spi\ino-lab\target\test-classes;c:\Users\Ice\Desktop\Vue.js\keycloak-vue\src\keycloak-spi\ino-lab\target\classes;C:\Users\Ice\.m2\repository\junit\junit\4.11\junit-4.11.jar;C:\Users\Ice\.m2\repository\org\hamcrest\hamcrest-core\1.3\hamcrest-core-1.3.jar;C:\Users\Ice\.m2\repository\org\keycloak\keycloak-core\6.0.1\keycloak-core-6.0.1.jar;C:\Users\Ice\.m2\repository\org\bouncycastle\bcprov-jdk15on\1.60\bcprov-jdk15on-1.60.jar;C:\Users\Ice\.m2\repository\org\bouncycastle\bcpkix-jdk15on\1.60\bcpkix-jdk15on-1.60.jar;C:\Users\Ice\.m2\repository\com\fasterxml\jackson\core\jackson-core\2.9.8\jackson-core-2.9.8.jar;C:\Users\Ice\.m2\repository\com\fasterxml\jackson\core\jackson-databind\2.9.8\jackson-databind-2.9.8.jar;C:\Users\Ice\.m2\repository\org\keycloak\keycloak-services\6.0.1\keycloak-services-6.0.1.jar;C:\Users\Ice\.m2\repository\javax\mail\javax.mail-api\1.6.2\javax.mail-api-1.6.2.jar;C:\Users\Ice\.m2\repository\org\glassfish\javax.json\1.1.2\javax.json-1.1.2.jar;C:\Users\Ice\.m2\repository\javax\json\javax.json-api\1.1.2\javax.json-api-1.1.2.jar;C:\Users\Ice\.m2\repository\org\jboss\spec\javax\servlet\jboss-servlet-api_4.0_spec\1.0.0.Final\jboss-servlet-api_4.0_spec-1.0.0.Final.jar;C:\Users\Ice\.m2\repository\org\twitter4j\twitter4j-core\4.0.4\twitter4j-core-4.0.4.jar;C:\Users\Ice\.m2\repository\org\jboss\logging\jboss-logging\3.3.2.Final\jboss-logging-3.3.2.Final.jar;C:\Users\Ice\.m2\repository\org\jboss\spec\javax\ws\rs\jboss-jaxrs-api_2.1_spec\1.0.2.Final\jboss-jaxrs-api_2.1_spec-1.0.2.Final.jar;C:\Users\Ice\.m2\repository\org\jboss\spec\javax\transaction\jboss-transaction-api_1.2_spec\1.1.1.Final\jboss-transaction-api_1.2_spec-1.1.1.Final.jar;C:\Users\Ice\.m2\repository\org\jboss\resteasy\resteasy-multipart-provider\3.6.3.Final\resteasy-multipart-provider-3.6.3.Final.jar;C:\Users\Ice\.m2\repository\org\jboss\resteasy\resteasy-jaxrs\3.6.3.Final\resteasy-jaxrs-3.6.3.Final.jar;C:\Users\Ice\.m2\repository\org\jboss\spec\javax\xml\bind\jboss-jaxb-api_2.3_spec\1.0.1.Final\jboss-jaxb-api_2.3_spec-1.0.1.Final.jar;C:\Users\Ice\.m2\repository\org\reactivestreams\reactive-streams\1.0.2\reactive-streams-1.0.2.jar;C:\Users\Ice\.m2\repository\javax\validation\validation-api\2.0.1.Final\validation-api-2.0.1.Final.jar;C:\Users\Ice\.m2\repository\org\jboss\spec\javax\annotation\jboss-annotations-api_1.3_spec\1.0.1.Final\jboss-annotations-api_1.3_spec-1.0.1.Final.jar;C:\Users\Ice\.m2\repository\javax\activation\activation\1.1.1\activation-1.1.1.jar;C:\Users\Ice\.m2\repository\net\jcip\jcip-annotations\1.0\jcip-annotations-1.0.jar;C:\Users\Ice\.m2\repository\org\jboss\resteasy\resteasy-client\3.6.3.Final\resteasy-client-3.6.3.Final.jar;C:\Users\Ice\.m2\repository\org\jboss\resteasy\resteasy-jaxb-provider\3.6.3.Final\resteasy-jaxb-provider-3.6.3.Final.jar;C:\Users\Ice\.m2\repository\org\glassfish\jaxb\jaxb-runtime\2.3.1\jaxb-runtime-2.3.1.jar;C:\Users\Ice\.m2\repository\org\glassfish\jaxb\txw2\2.3.1\txw2-2.3.1.jar;C:\Users\Ice\.m2\repository\com\sun\istack\istack-commons-runtime\3.0.7\istack-commons-runtime-3.0.7.jar;C:\Users\Ice\.m2\repository\org\jvnet\staxex\stax-ex\1.8\stax-ex-1.8.jar;C:\Users\Ice\.m2\repository\com\sun\xml\fastinfoset\FastInfoset\1.2.15\FastInfoset-1.2.15.jar;C:\Users\Ice\.m2\repository\javax\activation\javax.activation-api\1.2.0\javax.activation-api-1.2.0.jar;C:\Users\Ice\.m2\repository\com\sun\mail\javax.mail\1.6.2\javax.mail-1.6.2.jar;C:\Users\Ice\.m2\repository\org\apache\james\apache-mime4j\0.6\apache-mime4j-0.6.jar;C:\Users\Ice\.m2\repository\com\googlecode\owasp-java-html-sanitizer\owasp-java-html-sanitizer\20180219.1\owasp-java-html-sanitizer-20180219.1.jar;C:\Users\Ice\.m2\repository\com\google\guava\guava\19.0\guava-19.0.jar;C:\Users\Ice\.m2\repository\com\fasterxml\jackson\core\jackson-annotations\2.9.8\jackson-annotations-2.9.8.jar;C:\Users\Ice\.m2\repository\com\google\zxing\javase\3.2.1\javase-3.2.1.jar;C:\Users\Ice\.m2\repository\com\google\zxing\core\3.2.1\core-3.2.1.jar;C:\Users\Ice\.m2\repository\com\beust\jcommander\1.48\jcommander-1.48.jar;C:\Users\Ice\.m2\repository\com\openshift\openshift-restclient-java\6.1.3.Final\openshift-restclient-java-6.1.3.Final.jar;C:\Users\Ice\.m2\repository\com\squareup\okhttp3\okhttp\3.3.1\okhttp-3.3.1.jar;C:\Users\Ice\.m2\repository\com\squareup\okio\okio\1.8.0\okio-1.8.0.jar;C:\Users\Ice\.m2\repository\com\squareup\okhttp3\okhttp-ws\3.3.1\okhttp-ws-3.3.1.jar;C:\Users\Ice\.m2\repository\org\yaml\snakeyaml\1.14\snakeyaml-1.14.jar;C:\Users\Ice\.m2\repository\org\jboss\jboss-dmr\1.3.0.Final\jboss-dmr-1.3.0.Final.jar;C:\Users\Ice\.m2\repository\org\apache\commons\commons-compress\1.8.1\commons-compress-1.8.1.jar;C:\Users\Ice\.m2\repository\commons-io\commons-io\2.1\commons-io-2.1.jar;C:\Users\Ice\.m2\repository\org\slf4j\slf4j-api\1.6.4\slf4j-api-1.6.4.jar;C:\Users\Ice\.m2\repository\org\slf4j\slf4j-log4j12\1.6.4\slf4j-log4j12-1.6.4.jar;C:\Users\Ice\.m2\repository\log4j\log4j\1.2.16\log4j-1.2.16.jar;C:\Users\Ice\.m2\repository\commons-codec\commons-codec\1.6\commons-codec-1.6.jar;C:\Users\Ice\.m2\repository\commons-lang\commons-lang\2.6\commons-lang-2.6.jar;C:\Users\Ice\.m2\repository\org\keycloak\keycloak-server-spi-private\6.0.1\keycloak-server-spi-private-6.0.1.jar;C:\Users\Ice\.m2\repository\org\keycloak\keycloak-server-spi\6.0.1\keycloak-server-spi-6.0.1.jar;C:\Users\Ice\.m2\repository\org\keycloak\keycloak-adapter-spi\6.0.1\keycloak-adapter-spi-6.0.1.jar;C:\Users\Ice\.m2\repository\org\keycloak\keycloak-admin-client\6.0.1\keycloak-admin-client-6.0.1.jar;C:\Users\Ice\.m2\repository\org\keycloak\keycloak-authz-client\6.0.1\keycloak-authz-client-6.0.1.jar;C:\Users\Ice\.m2\repository\org\apache\httpcomponents\httpclient\4.5.4\httpclient-4.5.4.jar;C:\Users\Ice\.m2\repository\org\apache\httpcomponents\httpcore\4.4.7\httpcore-4.4.7.jar;C:\Users\Ice\.m2\repository\commons-logging\commons-logging\1.2\commons-logging-1.2.jar;C:\Users\Ice\.m2\repository\org\keycloak\keycloak-common\6.0.1\keycloak-common-6.0.1.jar;"/>
    <property name="java.vm.vendor" value="Oracle Corporation"/>
    <property name="sun.arch.data.model" value="64"/>
    <property name="user.variant" value=""/>
    <property name="java.vendor.url" value="http://java.oracle.com/"/>
    <property name="user.timezone" value="Asia/Bangkok"/>
    <property name="java.vm.specification.version" value="11"/>
    <property name="os.name" value="Windows 10"/>
    <property name="sun.java.launcher" value="SUN_STANDARD"/>
    <property name="user.country" value="US"/>
    <property name="sun.boot.library.path" value="C:\Program Files\Java\jdk-11.0.2\bin"/>
    <property name="sun.java.command" value="C:\Users\Ice\AppData\Local\Temp\surefire2259593222138031983\surefirebooter7657657628410893266.jar C:\Users\Ice\AppData\Local\Temp\surefire2259593222138031983 2019-08-09T10-49-27_557-jvmRun1 surefire9889356319230380168tmp surefire_01818752977105855853tmp"/>
    <property name="jdk.debug" value="release"/>
    <property name="surefire.test.class.path" value="c:\Users\Ice\Desktop\Vue.js\keycloak-vue\src\keycloak-spi\ino-lab\target\test-classes;c:\Users\Ice\Desktop\Vue.js\keycloak-vue\src\keycloak-spi\ino-lab\target\classes;C:\Users\Ice\.m2\repository\junit\junit\4.11\junit-4.11.jar;C:\Users\Ice\.m2\repository\org\hamcrest\hamcrest-core\1.3\hamcrest-core-1.3.jar;C:\Users\Ice\.m2\repository\org\keycloak\keycloak-core\6.0.1\keycloak-core-6.0.1.jar;C:\Users\Ice\.m2\repository\org\bouncycastle\bcprov-jdk15on\1.60\bcprov-jdk15on-1.60.jar;C:\Users\Ice\.m2\repository\org\bouncycastle\bcpkix-jdk15on\1.60\bcpkix-jdk15on-1.60.jar;C:\Users\Ice\.m2\repository\com\fasterxml\jackson\core\jackson-core\2.9.8\jackson-core-2.9.8.jar;C:\Users\Ice\.m2\repository\com\fasterxml\jackson\core\jackson-databind\2.9.8\jackson-databind-2.9.8.jar;C:\Users\Ice\.m2\repository\org\keycloak\keycloak-services\6.0.1\keycloak-services-6.0.1.jar;C:\Users\Ice\.m2\repository\javax\mail\javax.mail-api\1.6.2\javax.mail-api-1.6.2.jar;C:\Users\Ice\.m2\repository\org\glassfish\javax.json\1.1.2\javax.json-1.1.2.jar;C:\Users\Ice\.m2\repository\javax\json\javax.json-api\1.1.2\javax.json-api-1.1.2.jar;C:\Users\Ice\.m2\repository\org\jboss\spec\javax\servlet\jboss-servlet-api_4.0_spec\1.0.0.Final\jboss-servlet-api_4.0_spec-1.0.0.Final.jar;C:\Users\Ice\.m2\repository\org\twitter4j\twitter4j-core\4.0.4\twitter4j-core-4.0.4.jar;C:\Users\Ice\.m2\repository\org\jboss\logging\jboss-logging\3.3.2.Final\jboss-logging-3.3.2.Final.jar;C:\Users\Ice\.m2\repository\org\jboss\spec\javax\ws\rs\jboss-jaxrs-api_2.1_spec\1.0.2.Final\jboss-jaxrs-api_2.1_spec-1.0.2.Final.jar;C:\Users\Ice\.m2\repository\org\jboss\spec\javax\transaction\jboss-transaction-api_1.2_spec\1.1.1.Final\jboss-transaction-api_1.2_spec-1.1.1.Final.jar;C:\Users\Ice\.m2\repository\org\jboss\resteasy\resteasy-multipart-provider\3.6.3.Final\resteasy-multipart-provider-3.6.3.Final.jar;C:\Users\Ice\.m2\repository\org\jboss\resteasy\resteasy-jaxrs\3.6.3.Final\resteasy-jaxrs-3.6.3.Final.jar;C:\Users\Ice\.m2\repository\org\jboss\spec\javax\xml\bind\jboss-jaxb-api_2.3_spec\1.0.1.Final\jboss-jaxb-api_2.3_spec-1.0.1.Final.jar;C:\Users\Ice\.m2\repository\org\reactivestreams\reactive-streams\1.0.2\reactive-streams-1.0.2.jar;C:\Users\Ice\.m2\repository\javax\validation\validation-api\2.0.1.Final\validation-api-2.0.1.Final.jar;C:\Users\Ice\.m2\repository\org\jboss\spec\javax\annotation\jboss-annotations-api_1.3_spec\1.0.1.Final\jboss-annotations-api_1.3_spec-1.0.1.Final.jar;C:\Users\Ice\.m2\repository\javax\activation\activation\1.1.1\activation-1.1.1.jar;C:\Users\Ice\.m2\repository\net\jcip\jcip-annotations\1.0\jcip-annotations-1.0.jar;C:\Users\Ice\.m2\repository\org\jboss\resteasy\resteasy-client\3.6.3.Final\resteasy-client-3.6.3.Final.jar;C:\Users\Ice\.m2\repository\org\jboss\resteasy\resteasy-jaxb-provider\3.6.3.Final\resteasy-jaxb-provider-3.6.3.Final.jar;C:\Users\Ice\.m2\repository\org\glassfish\jaxb\jaxb-runtime\2.3.1\jaxb-runtime-2.3.1.jar;C:\Users\Ice\.m2\repository\org\glassfish\jaxb\txw2\2.3.1\txw2-2.3.1.jar;C:\Users\Ice\.m2\repository\com\sun\istack\istack-commons-runtime\3.0.7\istack-commons-runtime-3.0.7.jar;C:\Users\Ice\.m2\repository\org\jvnet\staxex\stax-ex\1.8\stax-ex-1.8.jar;C:\Users\Ice\.m2\repository\com\sun\xml\fastinfoset\FastInfoset\1.2.15\FastInfoset-1.2.15.jar;C:\Users\Ice\.m2\repository\javax\activation\javax.activation-api\1.2.0\javax.activation-api-1.2.0.jar;C:\Users\Ice\.m2\repository\com\sun\mail\javax.mail\1.6.2\javax.mail-1.6.2.jar;C:\Users\Ice\.m2\repository\org\apache\james\apache-mime4j\0.6\apache-mime4j-0.6.jar;C:\Users\Ice\.m2\repository\com\googlecode\owasp-java-html-sanitizer\owasp-java-html-sanitizer\20180219.1\owasp-java-html-sanitizer-20180219.1.jar;C:\Users\Ice\.m2\repository\com\google\guava\guava\19.0\guava-19.0.jar;C:\Users\Ice\.m2\repository\com\fasterxml\jackson\core\jackson-annotations\2.9.8\jackson-annotations-2.9.8.jar;C:\Users\Ice\.m2\repository\com\google\zxing\javase\3.2.1\javase-3.2.1.jar;C:\Users\Ice\.m2\repository\com\google\zxing\core\3.2.1\core-3.2.1.jar;C:\Users\Ice\.m2\repository\com\beust\jcommander\1.48\jcommander-1.48.jar;C:\Users\Ice\.m2\repository\com\openshift\openshift-restclient-java\6.1.3.Final\openshift-restclient-java-6.1.3.Final.jar;C:\Users\Ice\.m2\repository\com\squareup\okhttp3\okhttp\3.3.1\okhttp-3.3.1.jar;C:\Users\Ice\.m2\repository\com\squareup\okio\okio\1.8.0\okio-1.8.0.jar;C:\Users\Ice\.m2\repository\com\squareup\okhttp3\okhttp-ws\3.3.1\okhttp-ws-3.3.1.jar;C:\Users\Ice\.m2\repository\org\yaml\snakeyaml\1.14\snakeyaml-1.14.jar;C:\Users\Ice\.m2\repository\org\jboss\jboss-dmr\1.3.0.Final\jboss-dmr-1.3.0.Final.jar;C:\Users\Ice\.m2\repository\org\apache\commons\commons-compress\1.8.1\commons-compress-1.8.1.jar;C:\Users\Ice\.m2\repository\commons-io\commons-io\2.1\commons-io-2.1.jar;C:\Users\Ice\.m2\repository\org\slf4j\slf4j-api\1.6.4\slf4j-api-1.6.4.jar;C:\Users\Ice\.m2\repository\org\slf4j\slf4j-log4j12\1.6.4\slf4j-log4j12-1.6.4.jar;C:\Users\Ice\.m2\repository\log4j\log4j\1.2.16\log4j-1.2.16.jar;C:\Users\Ice\.m2\repository\commons-codec\commons-codec\1.6\commons-codec-1.6.jar;C:\Users\Ice\.m2\repository\commons-lang\commons-lang\2.6\commons-lang-2.6.jar;C:\Users\Ice\.m2\repository\org\keycloak\keycloak-server-spi-private\6.0.1\keycloak-server-spi-private-6.0.1.jar;C:\Users\Ice\.m2\repository\org\keycloak\keycloak-server-spi\6.0.1\keycloak-server-spi-6.0.1.jar;C:\Users\Ice\.m2\repository\org\keycloak\keycloak-adapter-spi\6.0.1\keycloak-adapter-spi-6.0.1.jar;C:\Users\Ice\.m2\repository\org\keycloak\keycloak-admin-client\6.0.1\keycloak-admin-client-6.0.1.jar;C:\Users\Ice\.m2\repository\org\keycloak\keycloak-authz-client\6.0.1\keycloak-authz-client-6.0.1.jar;C:\Users\Ice\.m2\repository\org\apache\httpcomponents\httpclient\4.5.4\httpclient-4.5.4.jar;C:\Users\Ice\.m2\repository\org\apache\httpcomponents\httpcore\4.4.7\httpcore-4.4.7.jar;C:\Users\Ice\.m2\repository\commons-logging\commons-logging\1.2\commons-logging-1.2.jar;C:\Users\Ice\.m2\repository\org\keycloak\keycloak-common\6.0.1\keycloak-common-6.0.1.jar;"/>
    <property name="sun.cpu.endian" value="little"/>
    <property name="user.home" value="C:\Users\Ice"/>
    <property name="user.language" value="en"/>
    <property name="java.specification.vendor" value="Oracle Corporation"/>
    <property name="java.version.date" value="2019-01-15"/>
    <property name="java.home" value="C:\Program Files\Java\jdk-11.0.2"/>
    <property name="file.separator" value="\"/>
    <property name="basedir" value="c:\Users\Ice\Desktop\Vue.js\keycloak-vue\src\keycloak-spi\ino-lab"/>
    <property name="java.vm.compressedOopsMode" value="32-bit"/>
    <property name="line.separator" value="&#10;"/>
    <property name="java.specification.name" value="Java Platform API Specification"/>
    <property name="java.vm.specification.vendor" value="Oracle Corporation"/>
    <property name="java.awt.graphicsenv" value="sun.awt.Win32GraphicsEnvironment"/>
    <property name="surefire.real.class.path" value="C:\Users\Ice\AppData\Local\Temp\surefire2259593222138031983\surefirebooter7657657628410893266.jar"/>
    <property name="user.script" value=""/>
    <property name="sun.management.compiler" value="HotSpot 64-Bit Tiered Compilers"/>
    <property name="java.runtime.version" value="11.0.2+9-LTS"/>
    <property name="user.name" value="Ice"/>
    <property name="path.separator" value=";"/>
    <property name="os.version" value="10.0"/>
    <property name="java.runtime.name" value="Java(TM) SE Runtime Environment"/>
    <property name="file.encoding" value="Cp1252"/>
    <property name="java.vm.name" value="Java HotSpot(TM) 64-Bit Server VM"/>
    <property name="java.vendor.version" value="18.9"/>
    <property name="localRepository" value="C:\Users\Ice\.m2\repository"/>
    <property name="java.vendor.url.bug" value="http://bugreport.java.com/bugreport/"/>
    <property name="java.io.tmpdir" value="C:\Users\Ice\AppData\Local\Temp\"/>
    <property name="java.version" value="11.0.2"/>
    <property name="user.dir" value="c:\Users\Ice\Desktop\Vue.js\keycloak-vue\src\keycloak-spi\ino-lab"/>
    <property name="os.arch" value="amd64"/>
    <property name="java.vm.specification.name" value="Java Virtual Machine Specification"/>
    <property name="java.awt.printerjob" value="sun.awt.windows.WPrinterJob"/>
    <property name="sun.os.patch.level" value=""/>
    <property name="java.library.path" value="C:\Program Files\Java\jdk-11.0.2\bin;C:\WINDOWS\Sun\Java\bin;C:\WINDOWS\system32;C:\WINDOWS;C:\Program Files (x86)\Common Files\Oracle\Java\javapath;C:\Windows\system32;C:\Windows;C:\Windows\System32\Wbem;C:\Windows\System32\WindowsPowerShell\v1.0\;C:\Program Files\NVIDIA Corporation\NVIDIA NvDLISR;C:\Program Files (x86)\NVIDIA Corporation\PhysX\Common;C:\WINDOWS\system32;C:\WINDOWS;C:\WINDOWS\System32\Wbem;C:\WINDOWS\System32\WindowsPowerShell\v1.0\;C:\WINDOWS\System32\OpenSSH\;C:\Program Files\nodejs\;C:\Program Files\Java\jdk-11.0.2\bin;C:\opt\apache-maven-3.6.1\bin;C:\Users\Ice\AppData\Local\Microsoft\WindowsApps;;C:\Users\Ice\AppData\Local\Programs\Microsoft VS Code\bin;C:\Users\Ice\AppData\Roaming\npm;."/>
    <property name="java.vendor" value="Oracle Corporation"/>
    <property name="java.vm.info" value="mixed mode"/>
    <property name="java.vm.version" value="11.0.2+9-LTS"/>
    <property name="sun.io.unicode.encoding" value="UnicodeLittle"/>
    <property name="java.class.version" value="55.0"/>
  </properties>
  <testcase name="shouldAnswerWithTrue" classname="keycloak.ino_lab.AppTest" time="0"/>
</testsuite>